<?xml version="1.0" encoding="UTF-8"?>
<testsuites tests="5" failures="3" disabled="0" errors="0" timestamp="2018-04-16T00:12:15" time="0" name="AllTests">
  <testsuite name="SquareRootTest" tests="3" failures="2" disabled="0" errors="0" time="0">
    <testcase name="PositiveNos" status="run" time="0" classname="SquareRootTest">
      <failure message="test.cpp:59&#x0A;      Expected: 18.0&#x0A;      Which is: 18&#x0A;To be equal to: square_root (324.0)&#x0A;      Which is: 162" type=""><![CDATA[test.cpp:59
      Expected: 18.0
      Which is: 18
To be equal to: square_root (324.0)
      Which is: 162]]></failure>
      <failure message="test.cpp:60&#x0A;      Expected: 25.4&#x0A;To be equal to: square_root (645.16)&#x0A;      Which is: 322.58" type=""><![CDATA[test.cpp:60
      Expected: 25.4
To be equal to: square_root (645.16)
      Which is: 322.58]]></failure>
      <failure message="test.cpp:61&#x0A;      Expected: 50.3321&#x0A;To be equal to: square_root (2533.310224)&#x0A;      Which is: 1266.66" type=""><![CDATA[test.cpp:61
      Expected: 50.3321
To be equal to: square_root (2533.310224)
      Which is: 1266.66]]></failure>
    </testcase>
    <testcase name="SWS_DTL_0001" status="run" time="0" classname="SquareRootTest" />
    <testcase name="ZeroAndNegativeNos" status="run" time="0" classname="SquareRootTest">
      <failure message="test.cpp:86&#x0A;      Expected: -1&#x0A;To be equal to: square_root (-22.0)&#x0A;      Which is: -11" type=""><![CDATA[test.cpp:86
      Expected: -1
To be equal to: square_root (-22.0)
      Which is: -11]]></failure>
    </testcase>
  </testsuite>
  <testsuite name="DLT" tests="2" failures="1" disabled="0" errors="0" time="0">
    <testcase name="SWS_DTL_00013" status="run" time="0" classname="DLT" />
    <testcase name="SWS_DTL_00033" status="run" time="0" classname="DLT">
      <failure message="test.cpp:78&#x0A;      Expected: &quot;10101010&quot;&#x0A;To be equal to: convert_test(0xAA)&#x0A;      Which is: &quot;1010101b0&quot;" type=""><![CDATA[test.cpp:78
      Expected: "10101010"
To be equal to: convert_test(0xAA)
      Which is: "1010101b0"]]></failure>
    </testcase>
  </testsuite>
</testsuites>
